[2021-10-16 18:06:52.097]  INFO 96894 --- [main] s.n.t.NotionWechatSnippetsApplicationKt  : Starting NotionWechatSnippetsApplicationKt using Java 1.8.0_282 on gefangshuaiMacBook-Pro.local with PID 96894 (/Users/gefangshuai/Documents/Dev/myspace/projects/notion-text-snippets/target/classes started by gefangshuai in /Users/gefangshuai/Documents/Dev/myspace/projects/notion-text-snippets)
[2021-10-16 18:06:52.106]  INFO 96894 --- [main] s.n.t.NotionWechatSnippetsApplicationKt  : The following profiles are active: prod
[2021-10-16 18:06:53.584]  INFO 96894 --- [main] o.s.b.w.embedded.tomcat.TomcatWebServer  : Tomcat initialized with port(s): 65000 (http)
[2021-10-16 18:06:53.597]  INFO 96894 --- [main] o.apache.catalina.core.StandardService   : Starting service [Tomcat]
[2021-10-16 18:06:53.598]  INFO 96894 --- [main] org.apache.catalina.core.StandardEngine  : Starting Servlet engine: [Apache Tomcat/9.0.53]
[2021-10-16 18:06:53.674]  INFO 96894 --- [main] o.a.c.c.C.[Tomcat].[localhost].[/]       : Initializing Spring embedded WebApplicationContext
[2021-10-16 18:06:53.675]  INFO 96894 --- [main] w.s.c.ServletWebServerApplicationContext : Root WebApplicationContext: initialization completed in 1456 ms
[2021-10-16 18:06:54.255]  INFO 96894 --- [main] o.s.b.w.embedded.tomcat.TomcatWebServer  : Tomcat started on port(s): 65000 (http) with context path ''
[2021-10-16 18:06:54.269]  INFO 96894 --- [main] s.n.t.NotionWechatSnippetsApplicationKt  : Started NotionWechatSnippetsApplicationKt in 3.245 seconds (JVM running for 4.553)
[2021-10-16 18:08:07.275]  INFO 96894 --- [http-nio-65000-exec-1] o.a.c.c.C.[Tomcat].[localhost].[/]       : Initializing Spring DispatcherServlet 'dispatcherServlet'
[2021-10-16 18:08:07.276]  INFO 96894 --- [http-nio-65000-exec-1] o.s.web.servlet.DispatcherServlet        : Initializing Servlet 'dispatcherServlet'
[2021-10-16 18:08:07.277]  INFO 96894 --- [http-nio-65000-exec-1] o.s.web.servlet.DispatcherServlet        : Completed initialization in 1 ms
[2021-10-16 18:08:07.298]  WARN 96894 --- [http-nio-65000-exec-1] .w.s.m.s.DefaultHandlerExceptionResolver : Resolved [org.springframework.web.HttpRequestMethodNotSupportedException: Request method 'POST' not supported]
[2021-10-16 18:08:12.834]  WARN 96894 --- [http-nio-65000-exec-2] .w.s.m.s.DefaultHandlerExceptionResolver : Resolved [org.springframework.web.HttpRequestMethodNotSupportedException: Request method 'POST' not supported]
[2021-10-16 18:08:54.787]  INFO 96932 --- [main] s.n.t.NotionWechatSnippetsApplicationKt  : Starting NotionWechatSnippetsApplicationKt using Java 1.8.0_282 on gefangshuaiMacBook-Pro.local with PID 96932 (/Users/gefangshuai/Documents/Dev/myspace/projects/notion-text-snippets/target/classes started by gefangshuai in /Users/gefangshuai/Documents/Dev/myspace/projects/notion-text-snippets)
[2021-10-16 18:08:54.790]  INFO 96932 --- [main] s.n.t.NotionWechatSnippetsApplicationKt  : The following profiles are active: prod
[2021-10-16 18:08:56.123]  INFO 96932 --- [main] o.s.b.w.embedded.tomcat.TomcatWebServer  : Tomcat initialized with port(s): 65000 (http)
[2021-10-16 18:08:56.138]  INFO 96932 --- [main] o.apache.catalina.core.StandardService   : Starting service [Tomcat]
[2021-10-16 18:08:56.139]  INFO 96932 --- [main] org.apache.catalina.core.StandardEngine  : Starting Servlet engine: [Apache Tomcat/9.0.53]
[2021-10-16 18:08:56.233]  INFO 96932 --- [main] o.a.c.c.C.[Tomcat].[localhost].[/]       : Initializing Spring embedded WebApplicationContext
[2021-10-16 18:08:56.234]  INFO 96932 --- [main] w.s.c.ServletWebServerApplicationContext : Root WebApplicationContext: initialization completed in 1390 ms
[2021-10-16 18:08:56.676]  INFO 96932 --- [main] o.s.b.w.embedded.tomcat.TomcatWebServer  : Tomcat started on port(s): 65000 (http) with context path ''
[2021-10-16 18:08:56.686]  INFO 96932 --- [main] s.n.t.NotionWechatSnippetsApplicationKt  : Started NotionWechatSnippetsApplicationKt in 2.411 seconds (JVM running for 3.201)
[2021-10-16 18:09:24.235]  INFO 96932 --- [http-nio-65000-exec-1] o.a.c.c.C.[Tomcat].[localhost].[/]       : Initializing Spring DispatcherServlet 'dispatcherServlet'
[2021-10-16 18:09:24.236]  INFO 96932 --- [http-nio-65000-exec-1] o.s.web.servlet.DispatcherServlet        : Initializing Servlet 'dispatcherServlet'
[2021-10-16 18:09:24.237]  INFO 96932 --- [http-nio-65000-exec-1] o.s.web.servlet.DispatcherServlet        : Completed initialization in 1 ms
[2021-10-16 18:09:24.250]  WARN 96932 --- [http-nio-65000-exec-1] .w.s.m.s.DefaultHandlerExceptionResolver : Resolved [org.springframework.web.HttpRequestMethodNotSupportedException: Request method 'POST' not supported]
[2021-10-16 18:10:53.886]  INFO 96932 --- [http-nio-65000-exec-3] s.n.timothypro.service.NotionService     : Post JSON: {"parent":{"database_id":"https://www.manyibar.com/"},"children":[{"paragraph":{"text":[{"type":"text","text":{"link":{"url":"https://www.manyibar.com/"},"content":"https://www.manyibar.com/"}}]},"type":"paragraph","object":"block"}],"properties":{"Name":{"title":[{"type":"text","text":{"content":"满意吧首页-专业好用的客户体验管理CEM平台-顾客满意度调查问卷表模板 - 满意吧"}}]},"标签":{"multi_select":[{"name":"未分类"}]}}}
[2021-10-16 18:12:55.111]  INFO 96932 --- [http-nio-65000-exec-4] s.n.timothypro.service.NotionService     : Post JSON: {"parent":{"database_id":"https://www.manyibar.com/"},"children":[{"paragraph":{"text":[{"type":"text","text":{"link":{"url":"https://www.manyibar.com/"},"content":"https://www.manyibar.com/"}}]},"type":"paragraph","object":"block"}],"properties":{"Name":{"title":[{"type":"text","text":{"content":"满意吧首页-专业好用的客户体验管理CEM平台-顾客满意度调查问卷表模板 - 满意吧"}}]},"标签":{"multi_select":[{"name":"未分类"}]}}}
[2021-10-16 18:13:37.542]  INFO 96932 --- [http-nio-65000-exec-5] s.n.timothypro.service.NotionService     : Post JSON: {"parent":{"database_id":"https://www.manyibar.com/"},"children":[{"paragraph":{"text":[{"type":"text","text":{"link":{"url":"https://www.manyibar.com/"},"content":"https://www.manyibar.com/"}}]},"type":"paragraph","object":"block"}],"properties":{"Name":{"title":[{"type":"text","text":{"content":"满意吧首页-专业好用的客户体验管理CEM平台-顾客满意度调查问卷表模板 - 满意吧"}}]},"标签":{"multi_select":[{"name":"未分类"}]}}}
[2021-10-16 18:13:48.586]  INFO 96932 --- [http-nio-65000-exec-6] s.n.timothypro.service.NotionService     : Post JSON: {"parent":{"database_id":"a1beeb546ad347649c738f8748389e07"},"children":[{"paragraph":{"text":[{"type":"text","text":{"link":{"url":"https://www.manyibar.com/"},"content":"https://www.manyibar.com/"}}]},"type":"paragraph","object":"block"}],"properties":{"Name":{"title":[{"type":"text","text":{"content":"满意吧首页-专业好用的客户体验管理CEM平台-顾客满意度调查问卷表模板 - 满意吧"}}]},"标签":{"multi_select":[{"name":"未分类"}]}}}
[2021-10-16 18:14:00.194]  WARN 96932 --- [http-nio-65000-exec-7] .w.s.m.s.DefaultHandlerExceptionResolver : Resolved [org.springframework.web.HttpRequestMethodNotSupportedException: Request method 'POST' not supported]
[2021-10-16 18:14:15.848]  WARN 96932 --- [http-nio-65000-exec-8] .w.s.m.s.DefaultHandlerExceptionResolver : Resolved [org.springframework.web.HttpRequestMethodNotSupportedException: Request method 'POST' not supported]
[2021-10-16 18:14:26.708]  WARN 96932 --- [http-nio-65000-exec-9] .w.s.m.s.DefaultHandlerExceptionResolver : Resolved [org.springframework.web.HttpRequestMethodNotSupportedException: Request method 'POST' not supported]
